{
  "RSpec": {
    "coverage": {
      "/Users/petermiklos/Google Drive/coding/ruby/makers/challenges/course/week8/holla/config/environment.rb": [
        null,
        1,
        null,
        null,
        1
      ],
      "/Users/petermiklos/Google Drive/coding/ruby/makers/challenges/course/week8/holla/config/application.rb": [
        1,
        null,
        1,
        null,
        1,
        1,
        1,
        1,
        1,
        1,
        1,
        1,
        null,
        null,
        null,
        null,
        1,
        null,
        1,
        1,
        null,
        null,
        null,
        null,
        null
      ],
      "/Users/petermiklos/Google Drive/coding/ruby/makers/challenges/course/week8/holla/config/boot.rb": [
        1,
        null,
        1
      ],
      "/Users/petermiklos/Google Drive/coding/ruby/makers/challenges/course/week8/holla/config/spring.rb": [
        null,
        null,
        null,
        null,
        null,
        5
      ],
      "/Users/petermiklos/Google Drive/coding/ruby/makers/challenges/course/week8/holla/config/environments/test.rb": [
        1,
        null,
        null,
        null,
        null,
        null,
        null,
        1,
        null,
        null,
        null,
        null,
        1,
        null,
        null,
        1,
        1,
        null,
        null,
        null,
        null,
        1,
        1,
        null,
        null,
        1,
        null,
        null,
        1,
        1,
        null,
        null,
        null,
        null,
        1,
        null,
        null,
        1,
        null,
        null,
        null,
        null
      ],
      "/Users/petermiklos/Google Drive/coding/ruby/makers/challenges/course/week8/holla/config/initializers/application_controller_renderer.rb": [
        null,
        null,
        null,
        null,
        null,
        null
      ],
      "/Users/petermiklos/Google Drive/coding/ruby/makers/challenges/course/week8/holla/config/initializers/assets.rb": [
        null,
        null,
        null,
        1,
        null,
        null,
        null,
        null,
        null,
        null,
        null
      ],
      "/Users/petermiklos/Google Drive/coding/ruby/makers/challenges/course/week8/holla/config/initializers/backtrace_silencers.rb": [
        null,
        null,
        null,
        null,
        null,
        null,
        null
      ],
      "/Users/petermiklos/Google Drive/coding/ruby/makers/challenges/course/week8/holla/config/initializers/cookies_serializer.rb": [
        null,
        null,
        null,
        null,
        1
      ],
      "/Users/petermiklos/Google Drive/coding/ruby/makers/challenges/course/week8/holla/config/initializers/devise.rb": [
        null,
        null,
        1,
        null,
        1,
        null,
        null,
        null,
        null,
        null,
        null,
        null,
        null,
        null,
        null,
        null,
        null,
        null,
        null,
        1,
        null,
        null,
        null,
        null,
        null,
        null,
        null,
        null,
        null,
        null,
        null,
        1,
        null,
        null,
        null,
        null,
        null,
        null,
        null,
        null,
        null,
        null,
        null,
        null,
        null,
        null,
        null,
        null,
        null,
        null,
        null,
        null,
        null,
        1,
        null,
        null,
        null,
        null,
        1,
        null,
        null,
        null,
        null,
        null,
        null,
        null,
        null,
        null,
        null,
        null,
        null,
        null,
        null,
        null,
        null,
        null,
        null,
        null,
        null,
        null,
        null,
        null,
        null,
        null,
        null,
        null,
        null,
        null,
        null,
        1,
        null,
        null,
        null,
        null,
        null,
        null,
        null,
        null,
        null,
        null,
        null,
        null,
        null,
        null,
        null,
        null,
        null,
        null,
        null,
        null,
        null,
        null,
        1,
        null,
        null,
        null,
        null,
        null,
        null,
        null,
        null,
        null,
        null,
        null,
        null,
        null,
        null,
        null,
        null,
        null,
        null,
        null,
        null,
        null,
        null,
        null,
        null,
        null,
        null,
        null,
        1,
        null,
        null,
        null,
        null,
        null,
        null,
        null,
        null,
        null,
        1,
        null,
        null,
        null,
        null,
        null,
        null,
        null,
        null,
        null,
        null,
        1,
        null,
        null,
        null,
        null,
        1,
        null,
        null,
        null,
        null,
        null,
        null,
        null,
        null,
        null,
        null,
        null,
        null,
        null,
        null,
        null,
        null,
        null,
        null,
        null,
        null,
        null,
        null,
        null,
        null,
        null,
        null,
        null,
        null,
        null,
        null,
        null,
        null,
        null,
        null,
        null,
        null,
        null,
        null,
        null,
        null,
        1,
        null,
        null,
        null,
        null,
        null,
        null,
        null,
        null,
        null,
        null,
        null,
        null,
        null,
        null,
        null,
        null,
        null,
        null,
        null,
        null,
        null,
        null,
        null,
        null,
        null,
        null,
        null,
        null,
        null,
        null,
        null,
        null,
        null,
        null,
        null,
        null,
        null,
        null,
        null,
        null,
        null,
        1,
        null,
        null,
        null,
        null,
        null,
        null,
        null,
        null,
        null,
        null,
        null,
        null,
        null,
        null,
        null,
        null,
        null,
        null,
        null,
        null,
        null,
        null,
        null,
        null,
        null,
        null,
        null,
        null,
        null
      ],
      "/Users/petermiklos/Google Drive/coding/ruby/makers/challenges/course/week8/holla/config/initializers/filter_parameter_logging.rb": [
        null,
        null,
        null,
        1
      ],
      "/Users/petermiklos/Google Drive/coding/ruby/makers/challenges/course/week8/holla/config/initializers/inflections.rb": [
        null,
        null,
        null,
        null,
        null,
        null,
        null,
        null,
        null,
        null,
        null,
        null,
        null,
        null,
        null,
        null
      ],
      "/Users/petermiklos/Google Drive/coding/ruby/makers/challenges/course/week8/holla/config/initializers/mime_types.rb": [
        null,
        null,
        null,
        null
      ],
      "/Users/petermiklos/Google Drive/coding/ruby/makers/challenges/course/week8/holla/config/initializers/new_framework_defaults.rb": [
        null,
        null,
        null,
        null,
        null,
        null,
        null,
        1,
        null,
        null,
        1,
        null,
        null,
        null,
        1,
        null,
        null,
        1,
        null,
        null,
        1,
        null,
        null,
        1
      ],
      "/Users/petermiklos/Google Drive/coding/ruby/makers/challenges/course/week8/holla/config/initializers/session_store.rb": [
        null,
        null,
        1
      ],
      "/Users/petermiklos/Google Drive/coding/ruby/makers/challenges/course/week8/holla/config/initializers/wrap_parameters.rb": [
        null,
        null,
        null,
        null,
        null,
        null,
        1,
        2,
        null,
        null,
        null,
        null,
        null,
        null
      ],
      "/Users/petermiklos/Google Drive/coding/ruby/makers/challenges/course/week8/holla/config/routes.rb": [
        1,
        null,
        null,
        1,
        null,
        1,
        null,
        null,
        1,
        1,
        null,
        null
      ],
      "/Users/petermiklos/Google Drive/coding/ruby/makers/challenges/course/week8/holla/app/models/user.rb": [
        1,
        null,
        null,
        1,
        null,
        null,
        1,
        null,
        null,
        1,
        0,
        0,
        0,
        null,
        null,
        null,
        null,
        null,
        1,
        1,
        null
      ],
      "/Users/petermiklos/Google Drive/coding/ruby/makers/challenges/course/week8/holla/app/models/application_record.rb": [
        1,
        1,
        null
      ],
      "/Users/petermiklos/Google Drive/coding/ruby/makers/challenges/course/week8/holla/app/helpers/application_helper.rb": [
        1,
        null
      ],
      "/Users/petermiklos/Google Drive/coding/ruby/makers/challenges/course/week8/holla/app/helpers/restaurants_helper.rb": [
        1,
        null
      ],
      "/Users/petermiklos/Google Drive/coding/ruby/makers/challenges/course/week8/holla/app/helpers/reviews_helper.rb": [
        1,
        null
      ],
      "/Users/petermiklos/Google Drive/coding/ruby/makers/challenges/course/week8/holla/spec/web_helper.rb": [
        1,
        19,
        19,
        19,
        19,
        19,
        null,
        null,
        1,
        2,
        2,
        2,
        2,
        2,
        2,
        null,
        null,
        1,
        1,
        null,
        null,
        1,
        10,
        10,
        null,
        null,
        1,
        4,
        4,
        4,
        null,
        null,
        1,
        4,
        4,
        4,
        null,
        null,
        1,
        2,
        2,
        null,
        null,
        1,
        1,
        1,
        1,
        1,
        null,
        null,
        1,
        2,
        2,
        2,
        2,
        2,
        2,
        null,
        null,
        1,
        1,
        1,
        1,
        1,
        1,
        1,
        null
      ],
      "/Users/petermiklos/Google Drive/coding/ruby/makers/challenges/course/week8/holla/spec/features/review_feature_spec.rb": [
        1,
        null,
        1,
        11,
        11,
        11,
        11,
        null,
        1,
        null,
        10,
        null,
        1,
        1,
        null,
        1,
        1,
        null,
        null,
        1,
        1,
        2,
        null,
        null,
        1,
        1,
        1,
        null,
        1,
        1,
        1,
        1,
        null,
        null,
        1,
        1,
        null,
        1,
        1,
        null,
        null,
        1,
        1,
        null,
        1,
        1,
        null,
        null,
        1,
        null,
        3,
        null,
        1,
        1,
        null,
        1,
        null,
        1,
        null,
        1,
        1,
        1,
        null,
        null,
        null,
        1,
        1,
        1,
        null,
        1,
        1,
        1,
        1,
        null,
        null,
        null,
        1,
        null,
        3,
        null,
        1,
        1,
        1,
        1,
        1,
        null,
        null,
        1,
        1,
        1,
        1,
        1,
        null,
        1,
        null,
        1,
        1,
        null,
        null,
        null,
        null,
        1,
        1,
        1,
        1,
        1,
        null,
        null,
        null
      ],
      "/Users/petermiklos/Google Drive/coding/ruby/makers/challenges/course/week8/holla/spec/features/user_login_feature_spec.rb": [
        1,
        null,
        1,
        null,
        1,
        1,
        1,
        1,
        1,
        null,
        null,
        null,
        1,
        1,
        1,
        null,
        null,
        null,
        1,
        1,
        2,
        2,
        null,
        null,
        1,
        1,
        1,
        null,
        null,
        1,
        1,
        1,
        null,
        null
      ],
      "/Users/petermiklos/Google Drive/coding/ruby/makers/challenges/course/week8/holla/spec/models/restaurant_spec.rb": [
        1,
        null,
        1,
        null,
        3,
        null,
        1,
        1,
        1,
        1,
        null,
        null,
        1,
        1,
        1,
        1,
        null,
        null
      ],
      "/Users/petermiklos/Google Drive/coding/ruby/makers/challenges/course/week8/holla/app/models/restaurant.rb": [
        1,
        null,
        1,
        null,
        1,
        1,
        null
      ],
      "/Users/petermiklos/Google Drive/coding/ruby/makers/challenges/course/week8/holla/spec/models/review_spec.rb": [
        1,
        null,
        1,
        1,
        1,
        1,
        null,
        null
      ],
      "/Users/petermiklos/Google Drive/coding/ruby/makers/challenges/course/week8/holla/app/models/review.rb": [
        1,
        1,
        null,
        1,
        1,
        null,
        1,
        null,
        null,
        null
      ],
      "/Users/petermiklos/Google Drive/coding/ruby/makers/challenges/course/week8/holla/app/controllers/restaurants_controller.rb": [
        1,
        null,
        1,
        null,
        1,
        65,
        null,
        null,
        1,
        3,
        null,
        null,
        1,
        2,
        2,
        null,
        2,
        1,
        null,
        1,
        null,
        null,
        null,
        null,
        1,
        13,
        null,
        null,
        1,
        3,
        null,
        null,
        1,
        1,
        1,
        1,
        1,
        null,
        0,
        0,
        null,
        null,
        null,
        1,
        1,
        1,
        1,
        1,
        1,
        null,
        0,
        0,
        null,
        null,
        null,
        1,
        null,
        1,
        3,
        null,
        null,
        null
      ],
      "/Users/petermiklos/Google Drive/coding/ruby/makers/challenges/course/week8/holla/app/controllers/application_controller.rb": [
        1,
        1,
        null,
        null
      ],
      "/Users/petermiklos/Google Drive/coding/ruby/makers/challenges/course/week8/holla/app/controllers/reviews_controller.rb": [
        1,
        null,
        1,
        6,
        6,
        4,
        2,
        1,
        null,
        1,
        null,
        null,
        null,
        1,
        4,
        4,
        4,
        null,
        4,
        3,
        null,
        1,
        1,
        null,
        0,
        null,
        null,
        null,
        null,
        null,
        1,
        0,
        null,
        null,
        1,
        11,
        11,
        null,
        null,
        1,
        3,
        3,
        3,
        2,
        2,
        null,
        1,
        1,
        null,
        null,
        null,
        1,
        1,
        1,
        1,
        1,
        null,
        null,
        null,
        1,
        1,
        1,
        1,
        1,
        1,
        1,
        null,
        0,
        0,
        null,
        null,
        null,
        1,
        null,
        1,
        5,
        null,
        null,
        null
      ]
    },
    "timestamp": 1475748535
  }
}
